Build started 2016/01/25 15:53:26.
     1>Project "C:\Users\k13095kk\Documents\Visual Studio 2012\Projects\InteractiveProjector\InteractiveProjector\InteractiveProjector.vcxproj" on node 2 (Build target(s)).
     1>ClCompile:
         C:\Program Files (x86)\Microsoft Visual Studio 11.0\VC\bin\x86_amd64\CL.exe /c /I"C:\dev\opencv-2.4.9\build\include" /Zi /nologo /W3 /WX- /sdl /Od /D WIN32 /D _DEBUG /D _CONSOLE /D _UNICODE /D UNICODE /Gm /EHsc /RTC1 /MDd /GS /fp:precise /Zc:wchar_t /Zc:forScope /Fo"x64\Debug\\" /Fd"x64\Debug\vc110.pdb" /Gd /TP /errorReport:prompt main.cpp
         main.cpp
     1>C:\dev\opencv-2.4.9\build\include\opencv2/legacy/compat.hpp : warning C4819: ファイルは、現在のコード ページ (932) で表示できない文字を含んでいます。データの損失を防ぐために、ファイルを Unicode 形式で保存してください。
     1>main.cpp(265): warning C4244: '初期化中' : 'int' から 'float' への変換です。データが失われる可能性があります。
     1>main.cpp(266): warning C4244: '初期化中' : 'int' から 'float' への変換です。データが失われる可能性があります。
     1>main.cpp(267): warning C4244: '初期化中' : 'int' から 'float' への変換です。データが失われる可能性があります。
     1>main.cpp(268): warning C4244: '初期化中' : 'int' から 'float' への変換です。データが失われる可能性があります。
     1>main.cpp(270): warning C4244: '初期化中' : 'int' から 'float' への変換です。データが失われる可能性があります。
     1>main.cpp(271): warning C4244: '初期化中' : 'int' から 'float' への変換です。データが失われる可能性があります。
     1>main.cpp(272): warning C4244: '初期化中' : 'int' から 'float' への変換です。データが失われる可能性があります。
     1>main.cpp(273): warning C4244: '初期化中' : 'int' から 'float' への変換です。データが失われる可能性があります。
     1>main.cpp(347): warning C4244: '初期化中' : 'int' から 'float' への変換です。データが失われる可能性があります。
     1>main.cpp(348): warning C4244: '初期化中' : 'int' から 'float' への変換です。データが失われる可能性があります。
     1>main.cpp(349): warning C4244: '初期化中' : 'int' から 'float' への変換です。データが失われる可能性があります。
     1>main.cpp(350): warning C4244: '初期化中' : 'int' から 'float' への変換です。データが失われる可能性があります。
     1>main.cpp(352): warning C4244: '初期化中' : 'int' から 'float' への変換です。データが失われる可能性があります。
     1>main.cpp(353): warning C4244: '初期化中' : 'int' から 'float' への変換です。データが失われる可能性があります。
     1>main.cpp(354): warning C4244: '初期化中' : 'int' から 'float' への変換です。データが失われる可能性があります。
     1>main.cpp(355): warning C4244: '初期化中' : 'int' から 'float' への変換です。データが失われる可能性があります。
       Link:
         C:\Program Files (x86)\Microsoft Visual Studio 11.0\VC\bin\x86_amd64\link.exe /ERRORREPORT:PROMPT /OUT:"C:\Users\k13095kk\Documents\Visual Studio 2012\Projects\InteractiveProjector\x64\Debug\InteractiveProjector.exe" /INCREMENTAL /NOLOGO /LIBPATH:"C:\dev\opencv-2.4.9\build\x64\vc11\lib" opencv_core249d.lib opencv_highgui249d.lib opencv_imgproc249d.lib opencv_video249d.lib kernel32.lib user32.lib gdi32.lib winspool.lib comdlg32.lib advapi32.lib shell32.lib ole32.lib oleaut32.lib uuid.lib odbc32.lib odbccp32.lib /MANIFEST /MANIFESTUAC:"level='asInvoker' uiAccess='false'" /manifest:embed /DEBUG /PDB:"C:\Users\k13095kk\Documents\Visual Studio 2012\Projects\InteractiveProjector\x64\Debug\InteractiveProjector.pdb" /SUBSYSTEM:CONSOLE /TLBID:1 /DYNAMICBASE /NXCOMPAT /IMPLIB:"C:\Users\k13095kk\Documents\Visual Studio 2012\Projects\InteractiveProjector\x64\Debug\InteractiveProjector.lib" /MACHINE:X64 x64\Debug\main.obj
         InteractiveProjector.vcxproj -> C:\Users\k13095kk\Documents\Visual Studio 2012\Projects\InteractiveProjector\x64\Debug\InteractiveProjector.exe
     1>Done Building Project "C:\Users\k13095kk\Documents\Visual Studio 2012\Projects\InteractiveProjector\InteractiveProjector\InteractiveProjector.vcxproj" (Build target(s)).

Build succeeded.

Time Elapsed 00:00:04.76
